[0m13:57:51.985455 [debug] [MainThread]: Sending event: {'category': 'dbt', 'action': 'invocation', 'label': 'start', 'context': [<snowplow_tracker.self_describing_json.SelfDescribingJson object at 0x00000161EFE3E2D0>, <snowplow_tracker.self_describing_json.SelfDescribingJson object at 0x00000161F098C7D0>, <snowplow_tracker.self_describing_json.SelfDescribingJson object at 0x00000161EE3ED430>]}


============================== 13:57:52.003384 | e857d268-3ef7-4986-9458-ef6a5fddeb70 ==============================
[0m13:57:52.003384 [info ] [MainThread]: Running with dbt=1.10.2
[0m13:57:52.003384 [debug] [MainThread]: running dbt with arguments {'printer_width': '80', 'indirect_selection': 'eager', 'write_json': 'True', 'log_cache_events': 'False', 'partial_parse': 'True', 'cache_selected_only': 'False', 'warn_error': 'None', 'fail_fast': 'False', 'debug': 'False', 'log_path': 'logs', 'profiles_dir': 'C:\\Users\\Lenovo\\.dbt', 'version_check': 'True', 'use_colors': 'True', 'use_experimental_parser': 'False', 'no_print': 'None', 'quiet': 'False', 'empty': 'None', 'warn_error_options': 'WarnErrorOptionsV2(error=[], warn=[], silence=[])', 'introspect': 'True', 'log_format': 'default', 'static_parser': 'True', 'target_path': 'None', 'invocation_command': 'dbt init dbtlearn', 'send_anonymous_usage_stats': 'True'}
[0m13:57:52.036171 [debug] [MainThread]: Starter project path: C:\VirtualEnv\venvDBT\Lib\site-packages\dbt\include\starter_project
[0m13:57:52.064736 [info ] [MainThread]: 
Your new dbt project "dbtlearn" was created!

For more information on how to configure the profiles.yml file,
please consult the dbt documentation here:

  https://docs.getdbt.com/docs/configure-your-profile

One more thing:

Need help? Don't hesitate to reach out to us via GitHub issues or on Slack:

  https://community.getdbt.com/

Happy modeling!

[0m13:57:52.064736 [info ] [MainThread]: Setting up your profile.
[0m14:02:11.920226 [info ] [MainThread]: Profile dbtlearn written to C:\Users\Lenovo\.dbt\profiles.yml using target's profile_template.yml and your supplied values. Run 'dbt debug' to validate the connection.
[0m14:02:11.920226 [debug] [MainThread]: Command `dbt init` succeeded at 14:02:11.920226 after 260.16 seconds
[0m14:02:11.920226 [debug] [MainThread]: Sending event: {'category': 'dbt', 'action': 'invocation', 'label': 'end', 'context': [<snowplow_tracker.self_describing_json.SelfDescribingJson object at 0x00000161F26F8350>, <snowplow_tracker.self_describing_json.SelfDescribingJson object at 0x00000161F2A820C0>, <snowplow_tracker.self_describing_json.SelfDescribingJson object at 0x00000161EFEBC9B0>]}
[0m14:02:11.920226 [debug] [MainThread]: Flushing usage events
[0m14:02:12.427998 [debug] [MainThread]: An error was encountered while trying to flush usage events
[0m08:36:10.273556 [debug] [MainThread]: Sending event: {'category': 'dbt', 'action': 'invocation', 'label': 'start', 'context': [<snowplow_tracker.self_describing_json.SelfDescribingJson object at 0x0000014FB5AEA540>, <snowplow_tracker.self_describing_json.SelfDescribingJson object at 0x0000014FB5DDBF20>, <snowplow_tracker.self_describing_json.SelfDescribingJson object at 0x0000014FB5BEA480>]}


============================== 08:36:10.291116 | c661966c-c250-4d60-b616-5c1225b771ed ==============================
[0m08:36:10.291116 [info ] [MainThread]: Running with dbt=1.9.0
[0m08:36:10.291116 [debug] [MainThread]: running dbt with arguments {'printer_width': '80', 'indirect_selection': 'eager', 'log_cache_events': 'False', 'write_json': 'True', 'partial_parse': 'True', 'cache_selected_only': 'False', 'profiles_dir': 'C:\\Users\\Lenovo\\.dbt', 'debug': 'False', 'version_check': 'True', 'log_path': 'logs', 'fail_fast': 'False', 'warn_error': 'None', 'use_colors': 'True', 'use_experimental_parser': 'False', 'empty': 'False', 'quiet': 'False', 'no_print': 'None', 'warn_error_options': 'WarnErrorOptions(include=[], exclude=[])', 'introspect': 'True', 'log_format': 'default', 'static_parser': 'True', 'target_path': 'None', 'invocation_command': 'dbt compile', 'send_anonymous_usage_stats': 'True'}
[0m08:36:10.291116 [error] [MainThread]: Encountered an error:
Runtime Error
  No dbt_project.yml found at expected path C:\Users\Lenovo\Documents\Repos\DBTCourse\dbt_project.yml
  Verify that each entry within packages.yml (and their transitive dependencies) contains a file named dbt_project.yml
  
[0m08:36:10.306872 [debug] [MainThread]: Command `dbt compile` failed at 08:36:10.305758 after 0.38 seconds
[0m08:36:10.306872 [debug] [MainThread]: Sending event: {'category': 'dbt', 'action': 'invocation', 'label': 'end', 'context': [<snowplow_tracker.self_describing_json.SelfDescribingJson object at 0x0000014FB5C4A600>, <snowplow_tracker.self_describing_json.SelfDescribingJson object at 0x0000014FB5DDBF20>, <snowplow_tracker.self_describing_json.SelfDescribingJson object at 0x0000014FB53F9100>]}
[0m08:36:10.306872 [debug] [MainThread]: Flushing usage events
[0m08:36:11.243093 [debug] [MainThread]: An error was encountered while trying to flush usage events
[0m08:44:19.391682 [debug] [MainThread]: Sending event: {'category': 'dbt', 'action': 'invocation', 'label': 'start', 'context': [<snowplow_tracker.self_describing_json.SelfDescribingJson object at 0x0000017ACB4EDAC0>, <snowplow_tracker.self_describing_json.SelfDescribingJson object at 0x0000017ACF10D700>, <snowplow_tracker.self_describing_json.SelfDescribingJson object at 0x0000017ACF10F0B0>]}


============================== 08:44:19.401010 | 1028aa72-a3a9-4b0b-b138-e39e089f1d4a ==============================
[0m08:44:19.401010 [info ] [MainThread]: Running with dbt=1.10.2
[0m08:44:19.403019 [debug] [MainThread]: running dbt with arguments {'printer_width': '80', 'indirect_selection': 'eager', 'write_json': 'True', 'log_cache_events': 'False', 'partial_parse': 'True', 'cache_selected_only': 'False', 'profiles_dir': 'C:\\Users\\Lenovo\\.dbt', 'version_check': 'True', 'warn_error': 'None', 'log_path': 'logs', 'debug': 'False', 'fail_fast': 'False', 'use_colors': 'True', 'use_experimental_parser': 'False', 'empty': 'False', 'quiet': 'False', 'no_print': 'None', 'log_format': 'default', 'static_parser': 'True', 'invocation_command': 'dbt compile', 'introspect': 'True', 'target_path': 'None', 'warn_error_options': 'WarnErrorOptionsV2(error=[], warn=[], silence=[])', 'send_anonymous_usage_stats': 'True'}
[0m08:44:19.404714 [error] [MainThread]: Encountered an error:
Runtime Error
  No dbt_project.yml found at expected path C:\Users\Lenovo\Documents\Repos\DBTCourse\dbt_project.yml
  Verify that each entry within packages.yml (and their transitive dependencies) contains a file named dbt_project.yml
  
[0m08:44:19.407314 [debug] [MainThread]: Command `dbt compile` failed at 08:44:19.407314 after 0.33 seconds
[0m08:44:19.409328 [debug] [MainThread]: Sending event: {'category': 'dbt', 'action': 'invocation', 'label': 'end', 'context': [<snowplow_tracker.self_describing_json.SelfDescribingJson object at 0x0000017ACB4EDAC0>, <snowplow_tracker.self_describing_json.SelfDescribingJson object at 0x0000017ACF24CD70>, <snowplow_tracker.self_describing_json.SelfDescribingJson object at 0x0000017ACE9FEF30>]}
[0m08:44:19.409328 [debug] [MainThread]: Flushing usage events
[0m08:44:20.059661 [debug] [MainThread]: An error was encountered while trying to flush usage events
